2014-01-15 09:41:41,910 [localhost-startStop-1] INFO  c.q.c.c.s.SpringConfkeeperClient - -----------Configution Keeper Client-----------
2014-01-15 09:41:41,913 [localhost-startStop-1] INFO  c.q.c.c.s.SpringConfkeeperClient - Version:0.1
2014-01-15 09:41:41,913 [localhost-startStop-1] INFO  c.q.c.c.s.SpringConfkeeperClient - Connection addres:127.0.0.1
2014-01-15 09:41:41,913 [localhost-startStop-1] INFO  c.q.c.c.s.SpringConfkeeperClient - connection port:9898
2014-01-15 09:41:41,913 [localhost-startStop-1] INFO  c.q.c.c.s.SpringConfkeeperClient - -----------Configution Keeper Client-----------
2014-01-15 09:41:42,009 [NioProcessor-2] INFO  o.a.m.filter.logging.LoggingFilter - CREATED
2014-01-15 09:41:42,012 [NioProcessor-2] INFO  o.a.m.filter.logging.LoggingFilter - OPENED
2014-01-15 09:41:42,348 [NioProcessor-2] INFO  o.a.m.filter.logging.LoggingFilter - SENT: HeapBuffer[pos=0 lim=0 cap=0: empty]
2014-01-15 09:52:20,791 [localhost-startStop-1] INFO  c.q.c.c.s.SpringConfkeeperClient - -----------Configution Keeper Client-----------
2014-01-15 09:52:21,300 [localhost-startStop-1] INFO  c.q.c.c.s.SpringConfkeeperClient - Version:0.1
2014-01-15 09:52:21,748 [localhost-startStop-1] INFO  c.q.c.c.s.SpringConfkeeperClient - Connection addres:127.0.0.1
2014-01-15 09:52:22,253 [localhost-startStop-1] INFO  c.q.c.c.s.SpringConfkeeperClient - connection port:9898
2014-01-15 09:52:22,764 [localhost-startStop-1] INFO  c.q.c.c.s.SpringConfkeeperClient - -----------Configution Keeper Client-----------
2014-01-15 09:52:45,310 [NioProcessor-2] INFO  o.a.m.filter.logging.LoggingFilter - CREATED
2014-01-15 09:52:45,314 [NioProcessor-2] INFO  o.a.m.filter.logging.LoggingFilter - OPENED
2014-01-15 09:52:45,747 [NioProcessor-2] INFO  o.a.m.filter.logging.LoggingFilter - SENT: HeapBuffer[pos=0 lim=0 cap=0: empty]
2014-01-15 09:55:20,517 [localhost-startStop-1] INFO  c.q.c.c.s.SpringConfkeeperClient - -----------Configution Keeper Client-----------
2014-01-15 09:55:20,937 [localhost-startStop-1] INFO  c.q.c.c.s.SpringConfkeeperClient - Version:0.1
2014-01-15 09:55:21,265 [localhost-startStop-1] INFO  c.q.c.c.s.SpringConfkeeperClient - Connection addres:127.0.0.1
2014-01-15 09:55:21,511 [localhost-startStop-1] INFO  c.q.c.c.s.SpringConfkeeperClient - connection port:9898
2014-01-15 09:55:21,720 [localhost-startStop-1] INFO  c.q.c.c.s.SpringConfkeeperClient - -----------Configution Keeper Client-----------
2014-01-15 09:55:31,664 [NioProcessor-2] INFO  o.a.m.filter.logging.LoggingFilter - CREATED
2014-01-15 09:55:31,667 [NioProcessor-2] INFO  o.a.m.filter.logging.LoggingFilter - OPENED
2014-01-15 09:55:31,678 [NioProcessor-2] INFO  o.a.m.filter.logging.LoggingFilter - SENT: HeapBuffer[pos=0 lim=0 cap=0: empty]
2014-01-15 09:56:41,921 [NioProcessor-2] INFO  o.a.m.filter.logging.LoggingFilter - CLOSED
2014-01-15 09:57:57,903 [localhost-startStop-1] INFO  c.q.c.c.s.SpringConfkeeperClient - -----------Configution Keeper Client-----------
2014-01-15 09:57:57,914 [localhost-startStop-1] INFO  c.q.c.c.s.SpringConfkeeperClient - Version:0.1
2014-01-15 09:57:57,914 [localhost-startStop-1] INFO  c.q.c.c.s.SpringConfkeeperClient - Connection addres:127.0.0.1
2014-01-15 09:57:57,915 [localhost-startStop-1] INFO  c.q.c.c.s.SpringConfkeeperClient - connection port:9898
2014-01-15 09:57:57,915 [localhost-startStop-1] INFO  c.q.c.c.s.SpringConfkeeperClient - -----------Configution Keeper Client-----------
2014-01-15 09:57:58,013 [NioProcessor-2] INFO  o.a.m.filter.logging.LoggingFilter - CREATED
2014-01-15 09:57:58,016 [NioProcessor-2] INFO  o.a.m.filter.logging.LoggingFilter - OPENED
2014-01-15 09:57:58,258 [NioProcessor-2] INFO  o.a.m.filter.logging.LoggingFilter - SENT: HeapBuffer[pos=0 lim=0 cap=0: empty]
2014-01-15 10:01:22,669 [NioProcessor-2] INFO  o.a.m.filter.logging.LoggingFilter - CLOSED
2014-01-15 10:04:10,379 [localhost-startStop-1] INFO  c.q.c.c.s.SpringConfkeeperClient - -----------Configution Keeper Client-----------
2014-01-15 10:04:10,382 [localhost-startStop-1] INFO  c.q.c.c.s.SpringConfkeeperClient - Version:0.1
2014-01-15 10:04:10,383 [localhost-startStop-1] INFO  c.q.c.c.s.SpringConfkeeperClient - Connection addres:127.0.0.1
2014-01-15 10:04:10,383 [localhost-startStop-1] INFO  c.q.c.c.s.SpringConfkeeperClient - connection port:9898
2014-01-15 10:04:10,384 [localhost-startStop-1] INFO  c.q.c.c.s.SpringConfkeeperClient - -----------Configution Keeper Client-----------
2014-01-15 10:06:24,584 [localhost-startStop-1] INFO  c.q.c.c.s.SpringConfkeeperClient - -----------Configution Keeper Client-----------
2014-01-15 10:06:24,587 [localhost-startStop-1] INFO  c.q.c.c.s.SpringConfkeeperClient - Version:0.1
2014-01-15 10:06:24,588 [localhost-startStop-1] INFO  c.q.c.c.s.SpringConfkeeperClient - Connection addres:127.0.0.1
2014-01-15 10:06:24,588 [localhost-startStop-1] INFO  c.q.c.c.s.SpringConfkeeperClient - connection port:9898
2014-01-15 10:06:24,588 [localhost-startStop-1] INFO  c.q.c.c.s.SpringConfkeeperClient - -----------Configution Keeper Client-----------
2014-01-15 10:06:24,736 [NioProcessor-2] INFO  o.a.m.filter.logging.LoggingFilter - CREATED
2014-01-15 10:06:24,739 [NioProcessor-2] INFO  o.a.m.filter.logging.LoggingFilter - OPENED
2014-01-15 10:06:25,049 [NioProcessor-2] INFO  o.a.m.filter.logging.LoggingFilter - SENT: HeapBuffer[pos=0 lim=0 cap=0: empty]
2014-01-15 10:07:20,406 [localhost-startStop-1] INFO  c.q.c.c.s.SpringConfkeeperClient - -----------Configution Keeper Client-----------
2014-01-15 10:07:20,416 [localhost-startStop-1] INFO  c.q.c.c.s.SpringConfkeeperClient - Version:0.1
2014-01-15 10:07:20,416 [localhost-startStop-1] INFO  c.q.c.c.s.SpringConfkeeperClient - Connection addres:127.0.0.1
2014-01-15 10:07:20,417 [localhost-startStop-1] INFO  c.q.c.c.s.SpringConfkeeperClient - connection port:9898
2014-01-15 10:07:20,417 [localhost-startStop-1] INFO  c.q.c.c.s.SpringConfkeeperClient - -----------Configution Keeper Client-----------
2014-01-15 10:07:20,523 [NioProcessor-2] INFO  o.a.m.filter.logging.LoggingFilter - CREATED
2014-01-15 10:07:20,527 [NioProcessor-2] INFO  o.a.m.filter.logging.LoggingFilter - OPENED
2014-01-15 10:07:20,817 [NioProcessor-2] INFO  o.a.m.filter.logging.LoggingFilter - SENT: HeapBuffer[pos=0 lim=0 cap=0: empty]
2014-01-15 10:08:22,707 [NioProcessor-2] INFO  o.a.m.filter.logging.LoggingFilter - CLOSED
